<?xml version="1.0" encoding="UTF-8"?>
<testsuite xmlns:xsi="http://www.w3.org/2001/XMLSchema-instance" xsi:noNamespaceSchemaLocation="https://maven.apache.org/surefire/maven-surefire-plugin/xsd/surefire-test-report-3.0.xsd" version="3.0" name="com.iwa.serviceuser.UserDatabaseTests" time="0.438" tests="1" errors="0" skipped="0" failures="0">
  <properties>
[...]
</properties>
  <testcase name="testUserRepositoryOperations" classname="com.iwa.serviceuser.UserDatabaseTests" time="0.022">
    <system-out><![CDATA[2023-11-27T01:17:36.717+01:00  INFO 33808 --- [           main] t.c.s.AnnotationConfigContextLoaderUtils : Could not detect default configuration classes for test class [com.iwa.serviceuser.UserDatabaseTests]: UserDatabaseTests does not declare any static, non-private, non-final, nested classes annotated with @Configuration.
2023-11-27T01:17:36.743+01:00  INFO 33808 --- [           main] .b.t.c.SpringBootTestContextBootstrapper : Found @SpringBootConfiguration com.iwa.serviceuser.ServiceUserApplication for test class com.iwa.serviceuser.UserDatabaseTests

  .   ____          _            __ _ _
 /\\ / ___'_ __ _ _(_)_ __  __ _ \ \ \ \
( ( )\___ | '_ | '_| | '_ \/ _` | \ \ \ \
 \\/  ___)| |_)| | | | | || (_| |  ) ) ) )
  '  |____| .__|_| |_|_| |_\__, | / / / /
 =========|_|==============|___/=/_/_/_/
 :: Spring Boot ::                (v3.1.5)

2023-11-27T01:17:36.873+01:00  INFO 33808 --- [           main] com.iwa.serviceuser.UserDatabaseTests    : Starting UserDatabaseTests using Java 19.0.2 with PID 33808 (started by nuiha in C:\Users\nuiha\IWA-Backend\service-user)
2023-11-27T01:17:36.873+01:00  INFO 33808 --- [           main] com.iwa.serviceuser.UserDatabaseTests    : No active profile set, falling back to 1 default profile: "default"
2023-11-27T01:17:36.973+01:00  INFO 33808 --- [           main] .s.d.r.c.RepositoryConfigurationDelegate : Bootstrapping Spring Data JPA repositories in DEFAULT mode.
2023-11-27T01:17:36.984+01:00  INFO 33808 --- [           main] .s.d.r.c.RepositoryConfigurationDelegate : Finished Spring Data repository scanning in 11 ms. Found 1 JPA repository interfaces.
2023-11-27T01:17:36.993+01:00  INFO 33808 --- [           main] beddedDataSourceBeanFactoryPostProcessor : Replacing 'dataSource' DataSource bean with embedded version
2023-11-27T01:17:37.024+01:00  INFO 33808 --- [           main] o.s.j.d.e.EmbeddedDatabaseFactory        : Starting embedded database: url='jdbc:h2:mem:703d7f8a-e4c7-4fe9-9196-1b48b1a0d52f;DB_CLOSE_DELAY=-1;DB_CLOSE_ON_EXIT=false', username='sa'
2023-11-27T01:17:37.046+01:00  INFO 33808 --- [           main] o.hibernate.jpa.internal.util.LogHelper  : HHH000204: Processing PersistenceUnitInfo [name: default]
2023-11-27T01:17:37.054+01:00  INFO 33808 --- [           main] o.s.o.j.p.SpringPersistenceUnitInfo      : No LoadTimeWeaver setup: ignoring JPA class transformer
2023-11-27T01:17:37.055+01:00  WARN 33808 --- [           main] org.hibernate.dialect.Dialect            : HHH000511: The 2.1.0 version for [org.hibernate.dialect.PostgreSQLDialect] is no longer supported, hence certain features may not work properly. The minimum supported version is 10.0.0. Check the community dialects project for available legacy versions.
2023-11-27T01:17:37.056+01:00  WARN 33808 --- [           main] org.hibernate.orm.deprecation            : HHH90000025: PostgreSQLDialect does not need to be specified explicitly using 'hibernate.dialect' (remove the property setting and it will be selected by default)
2023-11-27T01:17:37.079+01:00  INFO 33808 --- [           main] o.h.e.t.j.p.i.JtaPlatformInitiator       : HHH000489: No JTA platform available (set 'hibernate.transaction.jta.platform' to enable JTA platform integration)
Hibernate: 
    create table users (
        id bigserial not null,
        email varchar(255),
        id_recruiter bigint,
        password varchar(255),
        role varchar(255),
        primary key (id)
    )
2023-11-27T01:17:37.082+01:00  INFO 33808 --- [           main] j.LocalContainerEntityManagerFactoryBean : Initialized JPA EntityManagerFactory for persistence unit 'default'
2023-11-27T01:17:37.125+01:00  INFO 33808 --- [           main] com.iwa.serviceuser.UserDatabaseTests    : Started UserDatabaseTests in 0.38 seconds (process running for 13.669)
Hibernate: 
    insert 
    into
        users
        (email,id_recruiter,password,role) 
    values
        (?,?,?,?)
Hibernate: 
    select
        u1_0.id,
        u1_0.email,
        u1_0.id_recruiter,
        u1_0.password,
        u1_0.role 
    from
        users u1_0 
    where
        u1_0.email=?
]]></system-out>
  </testcase>
</testsuite>